This file contains any messages produced by compilers while
running configure, to aid debugging if configure makes a mistake.

It was created by configure, which was
generated by GNU Autoconf 2.57.  Invocation command line was

  $ ./configure --includedir=/usr/include/postgresql

## --------- ##
## Platform. ##
## --------- ##

hostname = avardar
uname -m = i686
uname -r = 2.6.25-2-686
uname -s = Linux
uname -v = #1 SMP Fri Jul 18 17:46:56 UTC 2008

/usr/bin/uname -p = unknown
/bin/uname -X     = unknown

/bin/arch              = unknown
/usr/bin/arch -k       = unknown
/usr/convex/getsysinfo = unknown
hostinfo               = unknown
/bin/machine           = unknown
/usr/bin/oslevel       = unknown
/bin/universe          = unknown

PATH: /usr/local/sbin
PATH: /usr/local/bin
PATH: /usr/sbin
PATH: /usr/bin
PATH: /sbin
PATH: /bin


## ----------- ##
## Core tests. ##
## ----------- ##

configure:1479: checking for a BSD-compatible install
configure:1533: result: /usr/bin/install -c
configure:1544: checking whether build environment is sane
configure:1587: result: yes
configure:1620: checking for gawk
configure:1649: result: no
configure:1620: checking for mawk
configure:1636: found /usr/bin/mawk
configure:1646: result: mawk
configure:1656: checking whether make sets $(MAKE)
configure:1676: result: yes
configure:1854: checking for style of include used by make
configure:1882: result: GNU
configure:1953: checking for gcc
configure:1969: found /usr/bin/gcc
configure:1979: result: gcc
configure:2223: checking for C compiler version
configure:2226: gcc --version </dev/null >&5
gcc (Debian 4.3.1-2) 4.3.1
Copyright (C) 2008 Free Software Foundation, Inc.
This is free software; see the source for copying conditions.  There is NO
warranty; not even for MERCHANTABILITY or FITNESS FOR A PARTICULAR PURPOSE.

configure:2229: $? = 0
configure:2231: gcc -v </dev/null >&5
Using built-in specs.
Target: i486-linux-gnu
Configured with: ../src/configure -v --with-pkgversion='Debian 4.3.1-2' --with-bugurl=file:///usr/share/doc/gcc-4.3/README.Bugs --enable-languages=c,c++,fortran,objc,obj-c++ --prefix=/usr --enable-shared --with-system-zlib --libexecdir=/usr/lib --without-included-gettext --enable-threads=posix --enable-nls --with-gxx-include-dir=/usr/include/c++/4.3 --program-suffix=-4.3 --enable-clocale=gnu --enable-libstdcxx-debug --enable-objc-gc --enable-mpfr --enable-targets=all --enable-cld --enable-checking=release --build=i486-linux-gnu --host=i486-linux-gnu --target=i486-linux-gnu
Thread model: posix
gcc version 4.3.1 (Debian 4.3.1-2) 
configure:2234: $? = 0
configure:2236: gcc -V </dev/null >&5
gcc: '-V' option must have argument
configure:2239: $? = 1
configure:2263: checking for C compiler default output
configure:2266: gcc    conftest.c  >&5
configure:2269: $? = 0
configure:2315: result: a.out
configure:2320: checking whether the C compiler works
configure:2326: ./a.out
configure:2329: $? = 0
configure:2346: result: yes
configure:2353: checking whether we are cross compiling
configure:2355: result: no
configure:2358: checking for suffix of executables
configure:2360: gcc -o conftest    conftest.c  >&5
configure:2363: $? = 0
configure:2388: result: 
configure:2394: checking for suffix of object files
configure:2416: gcc -c   conftest.c >&5
configure:2419: $? = 0
configure:2441: result: o
configure:2445: checking whether we are using the GNU C compiler
configure:2470: gcc -c   conftest.c >&5
configure:2473: $? = 0
configure:2476: test -s conftest.o
configure:2479: $? = 0
configure:2492: result: yes
configure:2498: checking whether gcc accepts -g
configure:2520: gcc -c -g  conftest.c >&5
configure:2523: $? = 0
configure:2526: test -s conftest.o
configure:2529: $? = 0
configure:2540: result: yes
configure:2557: checking for gcc option to accept ANSI C
configure:2618: gcc  -c -g -O2  conftest.c >&5
configure:2621: $? = 0
configure:2624: test -s conftest.o
configure:2627: $? = 0
configure:2645: result: none needed
configure:2663: gcc -c -g -O2  conftest.c >&5
conftest.c:2: error: expected '=', ',', ';', 'asm' or '__attribute__' before 'me'
configure:2666: $? = 1
configure: failed program was:
| #ifndef __cplusplus
|   choke me
| #endif
configure:2777: checking dependency style of gcc
configure:2845: result: gcc3
configure:2864: checking for strerror in -lcposix
configure:2895: gcc -o conftest -g -O2   conftest.c -lcposix   >&5
/usr/bin/ld: cannot find -lcposix
collect2: ld returned 1 exit status
configure:2898: $? = 1
configure: failed program was:
| #line 2871 "configure"
| /* confdefs.h.  */
| 
| #define PACKAGE_NAME ""
| #define PACKAGE_TARNAME ""
| #define PACKAGE_VERSION ""
| #define PACKAGE_STRING ""
| #define PACKAGE_BUGREPORT ""
| #define PACKAGE "acikisletme"
| #define VERSION "2.1"
| /* end confdefs.h.  */
| 
| /* Override any gcc2 internal prototype to avoid an error.  */
| #ifdef __cplusplus
| extern "C"
| #endif
| /* We use char because int might match the return type of a gcc2
|    builtin and then its argument prototype would still apply.  */
| char strerror ();
| int
| main ()
| {
| strerror ();
|   ;
|   return 0;
| }
configure:2916: result: no
configure:2972: checking for gcc
configure:2998: result: gcc
configure:3242: checking for C compiler version
configure:3245: gcc --version </dev/null >&5
gcc (Debian 4.3.1-2) 4.3.1
Copyright (C) 2008 Free Software Foundation, Inc.
This is free software; see the source for copying conditions.  There is NO
warranty; not even for MERCHANTABILITY or FITNESS FOR A PARTICULAR PURPOSE.

configure:3248: $? = 0
configure:3250: gcc -v </dev/null >&5
Using built-in specs.
Target: i486-linux-gnu
Configured with: ../src/configure -v --with-pkgversion='Debian 4.3.1-2' --with-bugurl=file:///usr/share/doc/gcc-4.3/README.Bugs --enable-languages=c,c++,fortran,objc,obj-c++ --prefix=/usr --enable-shared --with-system-zlib --libexecdir=/usr/lib --without-included-gettext --enable-threads=posix --enable-nls --with-gxx-include-dir=/usr/include/c++/4.3 --program-suffix=-4.3 --enable-clocale=gnu --enable-libstdcxx-debug --enable-objc-gc --enable-mpfr --enable-targets=all --enable-cld --enable-checking=release --build=i486-linux-gnu --host=i486-linux-gnu --target=i486-linux-gnu
Thread model: posix
gcc version 4.3.1 (Debian 4.3.1-2) 
configure:3253: $? = 0
configure:3255: gcc -V </dev/null >&5
gcc: '-V' option must have argument
configure:3258: $? = 1
configure:3261: checking whether we are using the GNU C compiler
configure:3308: result: yes
configure:3314: checking whether gcc accepts -g
configure:3356: result: yes
configure:3373: checking for gcc option to accept ANSI C
configure:3461: result: none needed
configure:3479: gcc -c   conftest.c >&5
conftest.c:2: error: expected '=', ',', ';', 'asm' or '__attribute__' before 'me'
configure:3482: $? = 1
configure: failed program was:
| #ifndef __cplusplus
|   choke me
| #endif
configure:3593: checking dependency style of gcc
configure:3661: result: gcc3
configure:3681: checking for gcc option to accept ANSI C
configure:3745: gcc  -c   conftest.c >&5
configure:3748: $? = 0
configure:3751: test -s conftest.o
configure:3754: $? = 0
configure:3769: result: none needed
configure:3785: checking how to run the C preprocessor
configure:3821: gcc -E  conftest.c
configure:3827: $? = 0
configure:3859: gcc -E  conftest.c
configure:3860:28: error: ac_nonexistent.h: No such file or directory
configure:3865: $? = 1
configure: failed program was:
| #line 3850 "configure"
| /* confdefs.h.  */
| 
| #define PACKAGE_NAME ""
| #define PACKAGE_TARNAME ""
| #define PACKAGE_VERSION ""
| #define PACKAGE_STRING ""
| #define PACKAGE_BUGREPORT ""
| #define PACKAGE "acikisletme"
| #define VERSION "2.1"
| /* end confdefs.h.  */
| #include <ac_nonexistent.h>
configure:3903: result: gcc -E
configure:3928: gcc -E  conftest.c
configure:3934: $? = 0
configure:3966: gcc -E  conftest.c
configure:3967:28: error: ac_nonexistent.h: No such file or directory
configure:3972: $? = 1
configure: failed program was:
| #line 3957 "configure"
| /* confdefs.h.  */
| 
| #define PACKAGE_NAME ""
| #define PACKAGE_TARNAME ""
| #define PACKAGE_VERSION ""
| #define PACKAGE_STRING ""
| #define PACKAGE_BUGREPORT ""
| #define PACKAGE "acikisletme"
| #define VERSION "2.1"
| /* end confdefs.h.  */
| #include <ac_nonexistent.h>
configure:4015: checking for egrep
configure:4025: result: grep -E
configure:4030: checking for ANSI C header files
configure:4056: gcc -c   conftest.c >&5
configure:4059: $? = 0
configure:4062: test -s conftest.o
configure:4065: $? = 0
configure:4157: gcc -o conftest    conftest.c  >&5
configure: In function 'main':
configure:4152: warning: incompatible implicit declaration of built-in function 'exit'
configure:4160: $? = 0
configure:4162: ./conftest
configure:4165: $? = 0
configure:4180: result: yes
configure:4262: checking build system type
configure:4280: result: i686-pc-linux-gnu
configure:4288: checking host system type
configure:4302: result: i686-pc-linux-gnu
configure:4332: checking for ld used by GCC
configure:4395: result: /usr/bin/ld
configure:4404: checking if the linker (/usr/bin/ld) is GNU ld
GNU ld (GNU Binutils for Debian) 2.18.0.20080103
configure:4416: result: yes
configure:4421: checking for /usr/bin/ld option to reload object files
configure:4428: result: -r
configure:4433: checking for BSD-compatible nm
configure:4469: result: /usr/bin/nm -B
configure:4472: checking for a sed that does not truncate output
configure:4554: result: /bin/sed
configure:4557: checking whether ln -s works
configure:4561: result: yes
configure:4568: checking how to recognise dependent libraries
configure:4749: result: pass_all
configure:4761: checking command to parse /usr/bin/nm -B output
configure:4845: gcc -c   conftest.c >&5
configure:4848: $? = 0
configure:4852: /usr/bin/nm -B conftest.o \| sed -n -e 's/^.*[ 	]\([ABCDGISTW][ABCDGISTW]*\)[ 	][ 	]*\(\)\([_A-Za-z][_A-Za-z0-9]*\)$/\1 \2\3 \3/p' \> conftest.nm
configure:4855: $? = 0
configure:4907: gcc -o conftest    conftest.c conftstm.o >&5
configure:4910: $? = 0
configure:4954: result: ok
configure:4972: checking for sys/types.h
configure:4989: gcc -c   conftest.c >&5
configure:4992: $? = 0
configure:4995: test -s conftest.o
configure:4998: $? = 0
configure:5009: result: yes
configure:4972: checking for sys/stat.h
configure:4989: gcc -c   conftest.c >&5
configure:4992: $? = 0
configure:4995: test -s conftest.o
configure:4998: $? = 0
configure:5009: result: yes
configure:4972: checking for stdlib.h
configure:4989: gcc -c   conftest.c >&5
configure:4992: $? = 0
configure:4995: test -s conftest.o
configure:4998: $? = 0
configure:5009: result: yes
configure:4972: checking for string.h
configure:4989: gcc -c   conftest.c >&5
configure:4992: $? = 0
configure:4995: test -s conftest.o
configure:4998: $? = 0
configure:5009: result: yes
configure:4972: checking for memory.h
configure:4989: gcc -c   conftest.c >&5
configure:4992: $? = 0
configure:4995: test -s conftest.o
configure:4998: $? = 0
configure:5009: result: yes
configure:4972: checking for strings.h
configure:4989: gcc -c   conftest.c >&5
configure:4992: $? = 0
configure:4995: test -s conftest.o
configure:4998: $? = 0
configure:5009: result: yes
configure:4972: checking for inttypes.h
configure:4989: gcc -c   conftest.c >&5
configure:4992: $? = 0
configure:4995: test -s conftest.o
configure:4998: $? = 0
configure:5009: result: yes
configure:4972: checking for stdint.h
configure:4989: gcc -c   conftest.c >&5
configure:4992: $? = 0
configure:4995: test -s conftest.o
configure:4998: $? = 0
configure:5009: result: yes
configure:4972: checking for unistd.h
configure:4989: gcc -c   conftest.c >&5
configure:4992: $? = 0
configure:4995: test -s conftest.o
configure:4998: $? = 0
configure:5009: result: yes
configure:5035: checking dlfcn.h usability
configure:5048: gcc -c   conftest.c >&5
configure:5051: $? = 0
configure:5054: test -s conftest.o
configure:5057: $? = 0
configure:5067: result: yes
configure:5071: checking dlfcn.h presence
configure:5082: gcc -E  conftest.c
configure:5088: $? = 0
configure:5107: result: yes
configure:5143: checking for dlfcn.h
configure:5150: result: yes
configure:5348: checking for ranlib
configure:5364: found /usr/bin/ranlib
configure:5375: result: ranlib
configure:5428: checking for strip
configure:5444: found /usr/bin/strip
configure:5455: result: strip
configure:5665: checking for objdir
configure:5676: result: .libs
configure:5693: checking for gcc option to produce PIC
configure:5839: result: -fPIC
configure:5843: checking if gcc PIC flag -fPIC works
configure:5867: gcc -c  -fPIC -DPIC  conftest.c >&5
configure:5870: $? = 0
configure:5873: test -s conftest.o
configure:5876: $? = 0
configure:5914: result: yes
configure:5930: checking if gcc static flag -static works
configure:5955: gcc -o conftest    -static conftest.c  >&5
configure:5958: $? = 0
configure:5961: test -s conftest
configure:5964: $? = 0
configure:5980: result: yes
configure:5992: checking if gcc supports -c -o file.o
configure:6012: gcc -c  -o out/conftest2.o  conftest.c >&5
configure:6036: result: yes
configure:6041: checking if gcc supports -c -o file.lo
configure:6069: gcc -c  -c -o conftest.lo  conftest.c >&5
configure:6072: $? = 0
configure:6075: test -s conftest.lo
configure:6078: $? = 0
configure:6100: result: yes
configure:6131: checking if gcc supports -fno-rtti -fno-exceptions
configure:6154: gcc -c  -fno-rtti -fno-exceptions -c conftest.c  conftest.c >&5
cc1: warning: command line option "-fno-rtti" is valid for C++/ObjC++ but not for C
cc1: warning: command line option "-fno-rtti" is valid for C++/ObjC++ but not for C
configure:6157: $? = 0
configure:6160: test -s conftest.o
configure:6163: $? = 0
configure:6180: result: yes
configure:6191: checking whether the linker (/usr/bin/ld) supports shared libraries
configure:6886: result: yes
configure:6891: checking how to hardcode library paths into programs
configure:6915: result: immediate
configure:6920: checking whether stripping libraries is possible
configure:6925: result: yes
configure:6936: checking dynamic linker characteristics
configure:7343: result: GNU/Linux ld.so
configure:7348: checking if libtool supports shared libraries
configure:7350: result: yes
configure:7353: checking whether to build shared libraries
configure:7374: result: yes
configure:7377: checking whether to build static libraries
configure:7381: result: yes
configure:8055: checking whether -lc should be explicitly linked in
configure:8063: gcc -c   conftest.c >&5
configure:8066: $? = 0
configure:8080: gcc -shared conftest.o  -v -Wl,-soname -Wl,conftest -o conftest 2\>\&1 \| grep  -lc  \>/dev/null 2\>\&1
configure:8083: $? = 0
configure:8096: result: no
configure:8721: checking for ranlib
configure:8748: result: ranlib
configure:8760: checking for an ANSI C-conforming const
configure:8828: gcc -c   conftest.c >&5
configure:8831: $? = 0
configure:8834: test -s conftest.o
configure:8837: $? = 0
configure:8848: result: yes
configure:8858: checking for inline
configure:8880: gcc -c   conftest.c >&5
configure:8883: $? = 0
configure:8886: test -s conftest.o
configure:8889: $? = 0
configure:8901: result: inline
configure:8916: checking for off_t
configure:8941: gcc -c   conftest.c >&5
configure:8944: $? = 0
configure:8947: test -s conftest.o
configure:8950: $? = 0
configure:8961: result: yes
configure:8973: checking for size_t
configure:8998: gcc -c   conftest.c >&5
configure:9001: $? = 0
configure:9004: test -s conftest.o
configure:9007: $? = 0
configure:9018: result: yes
configure:9032: checking for working alloca.h
configure:9054: gcc -o conftest    conftest.c  >&5
configure:9057: $? = 0
configure:9060: test -s conftest
configure:9063: $? = 0
configure:9074: result: yes
configure:9084: checking for alloca
configure:9126: gcc -o conftest    conftest.c  >&5
configure:9129: $? = 0
configure:9132: test -s conftest
configure:9135: $? = 0
configure:9146: result: yes
configure:9359: checking for stdlib.h
configure:9364: result: yes
configure:9359: checking for unistd.h
configure:9364: result: yes
configure:9500: checking for getpagesize
configure:9550: gcc -o conftest    conftest.c  >&5
configure:9553: $? = 0
configure:9556: test -s conftest
configure:9559: $? = 0
configure:9570: result: yes
configure:9580: checking for working mmap
configure:9723: gcc -o conftest    conftest.c  >&5
configure:9726: $? = 0
configure:9728: ./conftest
configure:9731: $? = 0
configure:9745: result: yes
configure:9757: checking whether we are using the GNU C Library 2.1 or newer
configure:9789: result: yes
configure:9820: checking argz.h usability
configure:9833: gcc -c   conftest.c >&5
configure:9836: $? = 0
configure:9839: test -s conftest.o
configure:9842: $? = 0
configure:9852: result: yes
configure:9856: checking argz.h presence
configure:9867: gcc -E  conftest.c
configure:9873: $? = 0
configure:9892: result: yes
configure:9928: checking for argz.h
configure:9935: result: yes
configure:9820: checking limits.h usability
configure:9833: gcc -c   conftest.c >&5
configure:9836: $? = 0
configure:9839: test -s conftest.o
configure:9842: $? = 0
configure:9852: result: yes
configure:9856: checking limits.h presence
configure:9867: gcc -E  conftest.c
configure:9873: $? = 0
configure:9892: result: yes
configure:9928: checking for limits.h
configure:9935: result: yes
configure:9820: checking locale.h usability
configure:9833: gcc -c   conftest.c >&5
configure:9836: $? = 0
configure:9839: test -s conftest.o
configure:9842: $? = 0
configure:9852: result: yes
configure:9856: checking locale.h presence
configure:9867: gcc -E  conftest.c
configure:9873: $? = 0
configure:9892: result: yes
configure:9928: checking for locale.h
configure:9935: result: yes
configure:9820: checking nl_types.h usability
configure:9833: gcc -c   conftest.c >&5
configure:9836: $? = 0
configure:9839: test -s conftest.o
configure:9842: $? = 0
configure:9852: result: yes
configure:9856: checking nl_types.h presence
configure:9867: gcc -E  conftest.c
configure:9873: $? = 0
configure:9892: result: yes
configure:9928: checking for nl_types.h
configure:9935: result: yes
configure:9820: checking malloc.h usability
configure:9833: gcc -c   conftest.c >&5
configure:9836: $? = 0
configure:9839: test -s conftest.o
configure:9842: $? = 0
configure:9852: result: yes
configure:9856: checking malloc.h presence
configure:9867: gcc -E  conftest.c
configure:9873: $? = 0
configure:9892: result: yes
configure:9928: checking for malloc.h
configure:9935: result: yes
configure:9820: checking stddef.h usability
configure:9833: gcc -c   conftest.c >&5
configure:9836: $? = 0
configure:9839: test -s conftest.o
configure:9842: $? = 0
configure:9852: result: yes
configure:9856: checking stddef.h presence
configure:9867: gcc -E  conftest.c
configure:9873: $? = 0
configure:9892: result: yes
configure:9928: checking for stddef.h
configure:9935: result: yes
configure:9811: checking for stdlib.h
configure:9816: result: yes
configure:9811: checking for string.h
configure:9816: result: yes
configure:9811: checking for unistd.h
configure:9816: result: yes
configure:9820: checking sys/param.h usability
configure:9833: gcc -c   conftest.c >&5
configure:9836: $? = 0
configure:9839: test -s conftest.o
configure:9842: $? = 0
configure:9852: result: yes
configure:9856: checking sys/param.h presence
configure:9867: gcc -E  conftest.c
configure:9873: $? = 0
configure:9892: result: yes
configure:9928: checking for sys/param.h
configure:9935: result: yes
configure:9974: checking for feof_unlocked
configure:10024: gcc -o conftest    conftest.c  >&5
configure:10027: $? = 0
configure:10030: test -s conftest
configure:10033: $? = 0
configure:10044: result: yes
configure:9974: checking for fgets_unlocked
configure:10024: gcc -o conftest    conftest.c  >&5
configure:10027: $? = 0
configure:10030: test -s conftest
configure:10033: $? = 0
configure:10044: result: yes
configure:9974: checking for getcwd
configure:10024: gcc -o conftest    conftest.c  >&5
configure:10027: $? = 0
configure:10030: test -s conftest
configure:10033: $? = 0
configure:10044: result: yes
configure:9974: checking for getegid
configure:10024: gcc -o conftest    conftest.c  >&5
configure:10027: $? = 0
configure:10030: test -s conftest
configure:10033: $? = 0
configure:10044: result: yes
configure:9974: checking for geteuid
configure:10024: gcc -o conftest    conftest.c  >&5
configure:10027: $? = 0
configure:10030: test -s conftest
configure:10033: $? = 0
configure:10044: result: yes
configure:9974: checking for getgid
configure:10024: gcc -o conftest    conftest.c  >&5
configure:10027: $? = 0
configure:10030: test -s conftest
configure:10033: $? = 0
configure:10044: result: yes
configure:9974: checking for getuid
configure:10024: gcc -o conftest    conftest.c  >&5
configure:10027: $? = 0
configure:10030: test -s conftest
configure:10033: $? = 0
configure:10044: result: yes
configure:9974: checking for mempcpy
configure:10024: gcc -o conftest    conftest.c  >&5
configure:10040: warning: conflicting types for built-in function 'mempcpy'
configure:10027: $? = 0
configure:10030: test -s conftest
configure:10033: $? = 0
configure:10044: result: yes
configure:9974: checking for munmap
configure:10024: gcc -o conftest    conftest.c  >&5
configure:10027: $? = 0
configure:10030: test -s conftest
configure:10033: $? = 0
configure:10044: result: yes
configure:9974: checking for putenv
configure:10024: gcc -o conftest    conftest.c  >&5
configure:10027: $? = 0
configure:10030: test -s conftest
configure:10033: $? = 0
configure:10044: result: yes
configure:9974: checking for setenv
configure:10024: gcc -o conftest    conftest.c  >&5
configure:10027: $? = 0
configure:10030: test -s conftest
configure:10033: $? = 0
configure:10044: result: yes
configure:9974: checking for setlocale
configure:10024: gcc -o conftest    conftest.c  >&5
configure:10027: $? = 0
configure:10030: test -s conftest
configure:10033: $? = 0
configure:10044: result: yes
configure:9974: checking for stpcpy
configure:10024: gcc -o conftest    conftest.c  >&5
configure:10045: warning: conflicting types for built-in function 'stpcpy'
configure:10027: $? = 0
configure:10030: test -s conftest
configure:10033: $? = 0
configure:10044: result: yes
configure:9974: checking for strchr
configure:10024: gcc -o conftest    conftest.c  >&5
configure:10046: warning: conflicting types for built-in function 'strchr'
configure:10027: $? = 0
configure:10030: test -s conftest
configure:10033: $? = 0
configure:10044: result: yes
configure:9974: checking for strcasecmp
configure:10024: gcc -o conftest    conftest.c  >&5
configure:10047: warning: conflicting types for built-in function 'strcasecmp'
configure:10027: $? = 0
configure:10030: test -s conftest
configure:10033: $? = 0
configure:10044: result: yes
configure:9974: checking for strdup
configure:10024: gcc -o conftest    conftest.c  >&5
configure:10048: warning: conflicting types for built-in function 'strdup'
configure:10027: $? = 0
configure:10030: test -s conftest
configure:10033: $? = 0
configure:10044: result: yes
configure:9974: checking for strtoul
configure:10024: gcc -o conftest    conftest.c  >&5
configure:10027: $? = 0
configure:10030: test -s conftest
configure:10033: $? = 0
configure:10044: result: yes
configure:9974: checking for tsearch
configure:10024: gcc -o conftest    conftest.c  >&5
configure:10027: $? = 0
configure:10030: test -s conftest
configure:10033: $? = 0
configure:10044: result: yes
configure:9974: checking for __argz_count
configure:10024: gcc -o conftest    conftest.c  >&5
configure:10027: $? = 0
configure:10030: test -s conftest
configure:10033: $? = 0
configure:10044: result: yes
configure:9974: checking for __argz_stringify
configure:10024: gcc -o conftest    conftest.c  >&5
configure:10027: $? = 0
configure:10030: test -s conftest
configure:10033: $? = 0
configure:10044: result: yes
configure:9974: checking for __argz_next
configure:10024: gcc -o conftest    conftest.c  >&5
configure:10027: $? = 0
configure:10030: test -s conftest
configure:10033: $? = 0
configure:10044: result: yes
configure:10069: checking for iconv
configure:10097: gcc -o conftest    conftest.c  >&5
configure:10100: $? = 0
configure:10103: test -s conftest
configure:10106: $? = 0
configure:10161: result: yes
configure:10169: checking for iconv declaration
configure:10204: gcc -c   conftest.c >&5
configure:10207: $? = 0
configure:10210: test -s conftest.o
configure:10213: $? = 0
configure:10228: result: 
         extern size_t iconv (iconv_t cd, char * *inbuf, size_t *inbytesleft, char * *outbuf, size_t *outbytesleft);
configure:10244: checking for nl_langinfo and CODESET
configure:10266: gcc -o conftest    conftest.c  >&5
configure:10269: $? = 0
configure:10272: test -s conftest
configure:10275: $? = 0
configure:10287: result: yes
configure:10298: checking for LC_MESSAGES
configure:10320: gcc -o conftest    conftest.c  >&5
configure:10323: $? = 0
configure:10326: test -s conftest
configure:10329: $? = 0
configure:10340: result: yes
configure:10350: checking whether NLS is requested
configure:10359: result: yes
configure:10373: checking whether included gettext is requested
configure:10383: result: no
configure:10403: checking libintl.h usability
configure:10416: gcc -c   conftest.c >&5
configure:10419: $? = 0
configure:10422: test -s conftest.o
configure:10425: $? = 0
configure:10435: result: yes
configure:10439: checking libintl.h presence
configure:10450: gcc -E  conftest.c
configure:10456: $? = 0
configure:10475: result: yes
configure:10511: checking for libintl.h
configure:10518: result: yes
configure:10523: checking for GNU gettext in libc
configure:10547: gcc -o conftest    conftest.c  >&5
configure:10550: $? = 0
configure:10553: test -s conftest
configure:10556: $? = 0
configure:10567: result: yes
configure:10641: checking for dcgettext
configure:10691: gcc -o conftest    conftest.c   >&5
configure:10727: warning: conflicting types for built-in function 'dcgettext'
configure:10694: $? = 0
configure:10697: test -s conftest
configure:10700: $? = 0
configure:10711: result: yes
configure:10725: checking for msgfmt
configure:10752: result: /usr/bin/msgfmt
configure:10761: checking for gmsgfmt
configure:10792: result: /usr/bin/msgfmt
configure:10802: checking for xgettext
configure:10829: result: /usr/bin/xgettext
configure:11005: checking for bison
configure:11034: result: no
configure:11092: checking for catalogs to be installed
configure:11112: result:  tr
configure:11330: creating ./config.status

## ---------------------- ##
## Running config.status. ##
## ---------------------- ##

This file was extended by config.status, which was
generated by GNU Autoconf 2.57.  Invocation command line was

  CONFIG_FILES    = 
  CONFIG_HEADERS  = 
  CONFIG_LINKS    = 
  CONFIG_COMMANDS = 
  $ ./config.status 

on avardar

config.status:704: creating Makefile
config.status:704: creating intl/Makefile
config.status:704: creating po/Makefile.in
config.status:704: creating include/Makefile
config.status:704: creating src/Makefile
config.status:808: creating config.h
config.status:1037: config.h is unchanged
config.status:1159: executing depfiles commands
config.status:1159: executing default-1 commands

## ---------------- ##
## Cache variables. ##
## ---------------- ##

ac_cv_build=i686-pc-linux-gnu
ac_cv_build_alias=i686-pc-linux-gnu
ac_cv_c_compiler_gnu=yes
ac_cv_c_const=yes
ac_cv_c_inline=inline
ac_cv_env_CC_set=
ac_cv_env_CC_value=
ac_cv_env_CFLAGS_set=
ac_cv_env_CFLAGS_value=
ac_cv_env_CPPFLAGS_set=
ac_cv_env_CPPFLAGS_value=
ac_cv_env_CPP_set=
ac_cv_env_CPP_value=
ac_cv_env_LDFLAGS_set=
ac_cv_env_LDFLAGS_value=
ac_cv_env_build_alias_set=
ac_cv_env_build_alias_value=
ac_cv_env_host_alias_set=
ac_cv_env_host_alias_value=
ac_cv_env_target_alias_set=
ac_cv_env_target_alias_value=
ac_cv_exeext=
ac_cv_func___argz_count=yes
ac_cv_func___argz_next=yes
ac_cv_func___argz_stringify=yes
ac_cv_func_alloca_works=yes
ac_cv_func_dcgettext=yes
ac_cv_func_feof_unlocked=yes
ac_cv_func_fgets_unlocked=yes
ac_cv_func_getcwd=yes
ac_cv_func_getegid=yes
ac_cv_func_geteuid=yes
ac_cv_func_getgid=yes
ac_cv_func_getpagesize=yes
ac_cv_func_getuid=yes
ac_cv_func_mempcpy=yes
ac_cv_func_mmap_fixed_mapped=yes
ac_cv_func_munmap=yes
ac_cv_func_putenv=yes
ac_cv_func_setenv=yes
ac_cv_func_setlocale=yes
ac_cv_func_stpcpy=yes
ac_cv_func_strcasecmp=yes
ac_cv_func_strchr=yes
ac_cv_func_strdup=yes
ac_cv_func_strtoul=yes
ac_cv_func_tsearch=yes
ac_cv_gnu_library_2_1=yes
ac_cv_header_argz_h=yes
ac_cv_header_dlfcn_h=yes
ac_cv_header_inttypes_h=yes
ac_cv_header_libintl_h=yes
ac_cv_header_limits_h=yes
ac_cv_header_locale_h=yes
ac_cv_header_malloc_h=yes
ac_cv_header_memory_h=yes
ac_cv_header_nl_types_h=yes
ac_cv_header_stdc=yes
ac_cv_header_stddef_h=yes
ac_cv_header_stdint_h=yes
ac_cv_header_stdlib_h=yes
ac_cv_header_string_h=yes
ac_cv_header_strings_h=yes
ac_cv_header_sys_param_h=yes
ac_cv_header_sys_stat_h=yes
ac_cv_header_sys_types_h=yes
ac_cv_header_unistd_h=yes
ac_cv_host=i686-pc-linux-gnu
ac_cv_host_alias=i686-pc-linux-gnu
ac_cv_lib_cposix_strerror=no
ac_cv_objext=o
ac_cv_path_GMSGFMT=/usr/bin/msgfmt
ac_cv_path_MSGFMT=/usr/bin/msgfmt
ac_cv_path_XGETTEXT=/usr/bin/xgettext
ac_cv_path_install='/usr/bin/install -c'
ac_cv_prog_AWK=mawk
ac_cv_prog_CPP='gcc -E'
ac_cv_prog_ac_ct_CC=gcc
ac_cv_prog_ac_ct_RANLIB=ranlib
ac_cv_prog_ac_ct_STRIP=strip
ac_cv_prog_cc_g=yes
ac_cv_prog_cc_stdc=
ac_cv_prog_egrep='grep -E'
ac_cv_prog_make_make_set=yes
ac_cv_type_off_t=yes
ac_cv_type_size_t=yes
ac_cv_working_alloca_h=yes
am_cv_CC_dependencies_compiler_type=gcc3
am_cv_func_iconv=yes
am_cv_langinfo_codeset=yes
am_cv_lib_iconv=no
am_cv_prog_cc_stdc=
am_cv_proto_iconv='extern size_t iconv (iconv_t cd, char * *inbuf, size_t *inbytesleft, char * *outbuf, size_t *outbytesleft);'
am_cv_proto_iconv_arg1=
am_cv_val_LC_MESSAGES=yes
gt_cv_func_gnugettext1_libc=yes
lt_cv_archive_cmds_need_lc=no
lt_cv_compiler_c_o=yes
lt_cv_compiler_o_lo=yes
lt_cv_deplibs_check_method=pass_all
lt_cv_file_magic_cmd='$MAGIC_CMD'
lt_cv_file_magic_test_file='/lib/libc.so.6 /lib/libc-2.7.so'
lt_cv_global_symbol_to_c_name_address='sed -n -e '\''s/^: \([^ ]*\) $/  {\"\1\", (lt_ptr) 0},/p'\'' -e '\''s/^[BCDEGRST] \([^ ]*\) \([^ ]*\)$/  {"\2", (lt_ptr) \&\2},/p'\'''
lt_cv_global_symbol_to_cdecl='sed -n -e '\''s/^. .* \(.*\)$/extern char \1;/p'\'''
lt_cv_ld_reload_flag=-r
lt_cv_path_LD=/usr/bin/ld
lt_cv_path_NM='/usr/bin/nm -B'
lt_cv_path_SED=/bin/sed
lt_cv_prog_cc_can_build_shared=yes
lt_cv_prog_cc_no_builtin=
lt_cv_prog_cc_pic=' -fPIC'
lt_cv_prog_cc_pic_works=yes
lt_cv_prog_cc_shlib=
lt_cv_prog_cc_static=-static
lt_cv_prog_cc_static_works=yes
lt_cv_prog_cc_wl=-Wl,
lt_cv_prog_gnu_ld=yes
lt_cv_sys_global_symbol_pipe='sed -n -e '\''s/^.*[ 	]\([ABCDGISTW][ABCDGISTW]*\)[ 	][ 	]*\(\)\([_A-Za-z][_A-Za-z0-9]*\)$/\1 \2\3 \3/p'\'''
nls_cv_force_use_gnu_gettext=no
nls_cv_header_intl=
nls_cv_header_libgt=
nls_cv_use_gnu_gettext=no

## ----------------- ##
## Output variables. ##
## ----------------- ##

ACLOCAL='${SHELL} /root/Desktop/acikisletme-2.1/missing --run aclocal-1.7'
ALLOCA=''
AMDEPBACKSLASH='\'
AMDEP_FALSE='#'
AMDEP_TRUE=''
AMTAR='${SHELL} /root/Desktop/acikisletme-2.1/missing --run tar'
AUTOCONF='${SHELL} /root/Desktop/acikisletme-2.1/missing --run autoconf'
AUTOHEADER='${SHELL} /root/Desktop/acikisletme-2.1/missing --run autoheader'
AUTOMAKE='${SHELL} /root/Desktop/acikisletme-2.1/missing --run automake-1.7'
AWK='mawk'
BUILD_INCLUDED_LIBINTL='no'
CATALOGS=' tr.gmo'
CATOBJEXT='.gmo'
CC='gcc'
CCDEPMODE='depmode=gcc3'
CFLAGS=''
CPP='gcc -E'
CPPFLAGS=''
CYGPATH_W='echo'
DATADIRNAME='share'
DEFS='-DHAVE_CONFIG_H'
DEPDIR='.deps'
ECHO='echo'
ECHO_C=''
ECHO_N='-n'
ECHO_T=''
EGREP='grep -E'
EXEEXT=''
GENCAT='gencat'
GETTEXT_PACKAGE='acikisletme'
GLIBC21='yes'
GMOFILES=' tr.gmo'
GMSGFMT='/usr/bin/msgfmt'
INSTALL_DATA='${INSTALL} -m 644'
INSTALL_PROGRAM='${INSTALL}'
INSTALL_SCRIPT='${INSTALL}'
INSTALL_STRIP_PROGRAM='${SHELL} $(install_sh) -c -s'
INSTOBJEXT='.mo'
INTLBISON=':'
INTLLIBS=''
INTLOBJS=''
INTL_LIBTOOL_SUFFIX_PREFIX=''
LDFLAGS=''
LIBICONV=''
LIBOBJS=''
LIBS=''
LIBTOOL='$(SHELL) $(top_builddir)/libtool'
LN_S='ln -s'
LTLIBOBJS=''
MAKEINFO='${SHELL} /root/Desktop/acikisletme-2.1/missing --run makeinfo'
MKINSTALLDIRS='./mkinstalldirs'
MSGFMT='/usr/bin/msgfmt'
NO_PREFIX_PACKAGE_DATA_DIR='share'
NO_PREFIX_PACKAGE_DOC_DIR='doc/acikisletme'
NO_PREFIX_PACKAGE_HELP_DIR='share/help'
NO_PREFIX_PACKAGE_MENU_DIR='share'
NO_PREFIX_PACKAGE_PIXMAPS_DIR='share/pixmaps'
OBJEXT='o'
PACKAGE='acikisletme'
PACKAGE_BUGREPORT=''
PACKAGE_DATA_DIR='/usr/local/share'
PACKAGE_DOC_DIR='/usr/local/doc/acikisletme'
PACKAGE_HELP_DIR='/usr/local/share/help'
PACKAGE_MENU_DIR='/usr/local/share'
PACKAGE_NAME=''
PACKAGE_PIXMAPS_DIR='/usr/local/share/pixmaps'
PACKAGE_STRING=''
PACKAGE_TARNAME=''
PACKAGE_VERSION=''
PATH_SEPARATOR=':'
POFILES=' tr.po'
POSUB='po'
RANLIB='ranlib'
SET_MAKE=''
SHELL='/bin/sh'
STRIP='strip'
USE_INCLUDED_LIBINTL='no'
USE_NLS='yes'
VERSION='2.1'
XGETTEXT='/usr/bin/xgettext'
ac_ct_CC='gcc'
ac_ct_RANLIB='ranlib'
ac_ct_STRIP='strip'
am__fastdepCC_FALSE='#'
am__fastdepCC_TRUE=''
am__include='include'
am__leading_dot='.'
am__quote=''
bindir='${exec_prefix}/bin'
build='i686-pc-linux-gnu'
build_alias=''
build_cpu='i686'
build_os='linux-gnu'
build_vendor='pc'
datadir='${prefix}/share'
exec_prefix='${prefix}'
host='i686-pc-linux-gnu'
host_alias=''
host_cpu='i686'
host_os='linux-gnu'
host_vendor='pc'
includedir='/usr/include/postgresql'
infodir='${prefix}/info'
install_sh='/root/Desktop/acikisletme-2.1/install-sh'
libdir='${exec_prefix}/lib'
libexecdir='${exec_prefix}/libexec'
localstatedir='${prefix}/var'
mandir='${prefix}/man'
oldincludedir='/usr/include'
prefix='/usr/local'
program_transform_name='s,x,x,'
sbindir='${exec_prefix}/sbin'
sharedstatedir='${prefix}/com'
sysconfdir='${prefix}/etc'
target_alias=''

## ----------- ##
## confdefs.h. ##
## ----------- ##

#define ENABLE_NLS 1
#define GETTEXT_PACKAGE "acikisletme"
#define HAVE_ALLOCA 1
#define HAVE_ALLOCA_H 1
#define HAVE_ARGZ_H 1
#define HAVE_DCGETTEXT 1
#define HAVE_DLFCN_H 1
#define HAVE_FEOF_UNLOCKED 1
#define HAVE_FGETS_UNLOCKED 1
#define HAVE_GETCWD 1
#define HAVE_GETEGID 1
#define HAVE_GETEUID 1
#define HAVE_GETGID 1
#define HAVE_GETPAGESIZE 1
#define HAVE_GETTEXT 1
#define HAVE_GETUID 1
#define HAVE_ICONV 1
#define HAVE_INTTYPES_H 1
#define HAVE_LANGINFO_CODESET 1
#define HAVE_LC_MESSAGES 1
#define HAVE_LIMITS_H 1
#define HAVE_LOCALE_H 1
#define HAVE_MALLOC_H 1
#define HAVE_MEMORY_H 1
#define HAVE_MEMPCPY 1
#define HAVE_MMAP 1
#define HAVE_MUNMAP 1
#define HAVE_NL_TYPES_H 1
#define HAVE_PUTENV 1
#define HAVE_SETENV 1
#define HAVE_SETLOCALE 1
#define HAVE_STDDEF_H 1
#define HAVE_STDINT_H 1
#define HAVE_STDLIB_H 1
#define HAVE_STDLIB_H 1
#define HAVE_STDLIB_H 1
#define HAVE_STPCPY 1
#define HAVE_STRCASECMP 1
#define HAVE_STRCHR 1
#define HAVE_STRDUP 1
#define HAVE_STRINGS_H 1
#define HAVE_STRING_H 1
#define HAVE_STRING_H 1
#define HAVE_STRTOUL 1
#define HAVE_SYS_PARAM_H 1
#define HAVE_SYS_STAT_H 1
#define HAVE_SYS_TYPES_H 1
#define HAVE_TSEARCH 1
#define HAVE_UNISTD_H 1
#define HAVE_UNISTD_H 1
#define HAVE_UNISTD_H 1
#define HAVE___ARGZ_COUNT 1
#define HAVE___ARGZ_NEXT 1
#define HAVE___ARGZ_STRINGIFY 1
#define ICONV_CONST 
#define PACKAGE "acikisletme"
#define PACKAGE_BUGREPORT ""
#define PACKAGE_DATA_DIR "/usr/local/share"
#define PACKAGE_DOC_DIR "/usr/local/doc/acikisletme"
#define PACKAGE_HELP_DIR "/usr/local/share/help"
#define PACKAGE_LOCALE_DIR "/usr/local/share/locale"
#define PACKAGE_MENU_DIR "/usr/local/share"
#define PACKAGE_NAME ""
#define PACKAGE_PIXMAPS_DIR "/usr/local/share/pixmaps"
#define PACKAGE_SOURCE_DIR "/root/Desktop/acikisletme-2.1"
#define PACKAGE_STRING ""
#define PACKAGE_TARNAME ""
#define PACKAGE_VERSION ""
#define STDC_HEADERS 1
#define VERSION "2.1"

configure: exit 0
